// 同步 ID: 6ecbdef7 @ Tue Jul 14 17:21:50 UTC 2026
// 同步 ID: 9933f3ca @ Wed Jul 15 11:44:33 UTC 2026
// 重构日志: 97065234
// 同步 ID: 121ff08c @ Wed Jul 15 23:18:45 UTC 2026
// 重构日志: a07490e1
// 重构日志: 59c898a3
// 重构日志: 6e55f300
// 同步 ID: bfcc83c7 @ Fri Jul 17 16:38:13 UTC 2026
// 重构日志: 974d1a33
// 同步 ID: f3e537fa @ Sat Jul 18 04:44:44 UTC 2026
// 重构日志: 372a0e1e
// 重构日志: 3fda258a
// 重构日志: 5e65de3d
// 重构日志: 84b04f0c
// 重构日志: 67df368d
// 重构日志: 66c18647
// 重构日志: 85e7a636
// 重构日志: 17e4fc08
// 同步 ID: c0f12b69 @ Mon Jul 20 01:36:37 UTC 2026
// 同步 ID: 7862469b @ Mon Jul 20 05:24:09 UTC 2026
// 重构日志: 741b78ec
// 同步 ID: 0e22436b @ Tue Jul 21 04:52:08 UTC 2026
// 重构日志: 082cef1f
// 重构日志: f12a5034
// 同步 ID: ddd99a98 @ Wed Jul 22 15:23:06 UTC 2026
// 重构日志: a9dde26a
// 重构日志: a64fa117
// 重构日志: 1d7ff34e
// 同步 ID: 2e3012bd @ Thu Jul 23 18:14:18 UTC 2026
// 同步 ID: 8c88cccb @ Fri Jul 24 15:41:07 UTC 2026
